<?xml version="1.0" encoding="UTF-8"?>
<!-- Generated by org.testng.reporters.JUnitXMLReporter -->
<testsuite hostname="dineshkila" ignored="0" name="Default test" tests="5" failures="0" timestamp="03 Oct 2023 11:44:04 GMT" time="52.828" errors="0">
  <testcase name="loginTest" time="3.748" classname="com.mynop.testcases.LoginPageTest"/>
  <testcase name="loginTest" time="3.815" classname="com.mynop.testcases.LoginPageTest"/>
  <testcase name="loginTest" time="3.099" classname="com.mynop.testcases.LoginPageTest"/>
  <testcase name="loginTest" time="3.453" classname="com.mynop.testcases.LoginPageTest"/>
  <testcase name="loginTest" time="2.789" classname="com.mynop.testcases.LoginPageTest"/>
</testsuite> <!-- Default test -->
