<?xml version="1.0" encoding="UTF-8"?>
<!-- Generated by org.testng.reporters.JUnitXMLReporter -->
<testsuite hostname="dineshkila" ignored="21" name="Regression" tests="2" failures="0" timestamp="04 Oct 2023 05:58:46 GMT" time="81.152" errors="0">
  <testcase name="addToCartPageTest" time="17.754" classname="com.mynop.testcases.AddToCartPageTest"/>
  <testcase name="BillingAddressPageTest" time="16.212" classname="com.mynop.testcases.BillingAddressPageTest"/>
  <testcase name="searchProduct" time="0.0" classname="com.mynop.testcases.HomePageTest">
    <ignored/>
  </testcase> <!-- searchProduct -->
  <testcase name="loginTest" time="0.0" classname="com.mynop.testcases.LoginPageTest">
    <ignored/>
  </testcase> <!-- loginTest -->
  <testcase name="@AfterSuite afterSuite" time="0.0" classname="com.mynop.base.BaseClass">
    <ignored/>
  </testcase> <!-- @AfterSuite afterSuite -->
  <testcase name="@AfterSuite afterSuite" time="0.0" classname="com.mynop.base.BaseClass">
    <ignored/>
  </testcase> <!-- @AfterSuite afterSuite -->
  <testcase name="@AfterSuite afterSuite" time="0.0" classname="com.mynop.base.BaseClass">
    <ignored/>
  </testcase> <!-- @AfterSuite afterSuite -->
  <testcase name="@AfterSuite afterSuite" time="0.0" classname="com.mynop.base.BaseClass">
    <ignored/>
  </testcase> <!-- @AfterSuite afterSuite -->
  <testcase name="@AfterSuite afterSuite" time="0.0" classname="com.mynop.base.BaseClass">
    <ignored/>
  </testcase> <!-- @AfterSuite afterSuite -->
  <testcase name="@AfterSuite afterSuite" time="0.0" classname="com.mynop.base.BaseClass">
    <ignored/>
  </testcase> <!-- @AfterSuite afterSuite -->
  <testcase name="@AfterSuite afterSuite" time="0.0" classname="com.mynop.base.BaseClass">
    <ignored/>
  </testcase> <!-- @AfterSuite afterSuite -->
  <testcase name="registerAccountTest" time="0.0" classname="com.mynop.testcases.AccountCreationPageTest">
    <ignored/>
  </testcase> <!-- registerAccountTest -->
  <testcase name="SearchReasultPageTest" time="0.0" classname="com.mynop.testcases.SearchReasultPageTest">
    <ignored/>
  </testcase> <!-- SearchReasultPageTest -->
  <testcase name="@BeforeSuite loadConfig" time="0.0" classname="com.mynop.base.BaseClass">
    <ignored/>
  </testcase> <!-- @BeforeSuite loadConfig -->
  <testcase name="@BeforeSuite loadConfig" time="0.0" classname="com.mynop.base.BaseClass">
    <ignored/>
  </testcase> <!-- @BeforeSuite loadConfig -->
  <testcase name="@BeforeSuite loadConfig" time="0.0" classname="com.mynop.base.BaseClass">
    <ignored/>
  </testcase> <!-- @BeforeSuite loadConfig -->
  <testcase name="@BeforeSuite loadConfig" time="0.0" classname="com.mynop.base.BaseClass">
    <ignored/>
  </testcase> <!-- @BeforeSuite loadConfig -->
  <testcase name="@BeforeSuite loadConfig" time="0.0" classname="com.mynop.base.BaseClass">
    <ignored/>
  </testcase> <!-- @BeforeSuite loadConfig -->
  <testcase name="@BeforeSuite loadConfig" time="0.0" classname="com.mynop.base.BaseClass">
    <ignored/>
  </testcase> <!-- @BeforeSuite loadConfig -->
  <testcase name="@BeforeSuite loadConfig" time="0.0" classname="com.mynop.base.BaseClass">
    <ignored/>
  </testcase> <!-- @BeforeSuite loadConfig -->
  <testcase name="ShoppingCartPageTest" time="0.0" classname="com.mynop.testcases.ShoppingCartPageTest">
    <ignored/>
  </testcase> <!-- ShoppingCartPageTest -->
  <testcase name="verifyMyNopLogo" time="0.0" classname="com.mynop.testcases.IndexPageTest">
    <ignored/>
  </testcase> <!-- verifyMyNopLogo -->
  <testcase name="verifyTitle" time="0.0" classname="com.mynop.testcases.HomePageTest">
    <ignored/>
  </testcase> <!-- verifyTitle -->
</testsuite> <!-- Regression -->
