<?xml version="1.0" encoding="UTF-8"?>
<testsuite xmlns:xsi="http://www.w3.org/2001/XMLSchema-instance" xsi:noNamespaceSchemaLocation="https://maven.apache.org/surefire/maven-surefire-plugin/xsd/surefire-test-report.xsd" name="TestSuite" time="2.445" tests="26" errors="0" skipped="19" failures="7">
  <properties>
[...]
</properties>
  <testcase name="setUp" classname="com.mynop.testcases.AccountCreationPageTest" time="1.72">
    <failure message="&#10;Parameter &apos;browser&apos; is required by BeforeMethod on method setUp but has not been marked @Optional or defined&#10;" type="org.testng.TestNGException">org.testng.TestNGException: 

Parameter 'browser' is required by BeforeMethod on method setUp but has not been marked @Optional or defined

</failure>
    <system-out><![CDATA[log4j: reset attribute= "".
log4j: Threshold ="".
log4j: Retreiving an instance of org.apache.log4j.Logger.
log4j: Setting [com.digitalsanctum.builder.web] additivity to [false].
log4j: Level value for com.digitalsanctum.builder.web is  [debug].
log4j: com.digitalsanctum.builder.web level set to DEBUG
log4j: Class name: [org.apache.log4j.ConsoleAppender]
log4j: Setting property [target] to [System.out].
log4j: Parsing layout of class: "org.apache.log4j.PatternLayout"
log4j: Setting property [conversionPattern] to [%d{yyyy-MM/dd HH:mm:ss} %-5p %c{1}:%L - %m%n].
log4j: Adding appender named [ConsoleAppender] to category [com.digitalsanctum.builder.web].
log4j: Level value for root is  [info].
log4j: root level set to INFO
log4j: Adding appender named [ConsoleAppender] to category [root].
log4j: Class name: [org.apache.log4j.RollingFileAppender]
log4j: Setting property [file] to [Logs/log4j.log].
log4j: Parsing layout of class: "org.apache.log4j.PatternLayout"
log4j: Setting property [conversionPattern] to [%d{yyyy-MM/dd HH:mm:ss} %-5p %c{1}:%L - %m%n].
log4j: setFile called: Logs/log4j.log, true
log4j: setFile ended
log4j: Adding appender named [FileAppender] to category [root].
]]></system-out>
    <system-err><![CDATA[log4j:WARN Continuable parsing error 3 and column 82
log4j:WARN Document root element "log4j:configuration", must match DOCTYPE root "null".
log4j:WARN Continuable parsing error 3 and column 82
log4j:WARN Document is invalid: no grammar found.
]]></system-err>
  </testcase>
  <testcase name="registerAccountTest" classname="com.mynop.testcases.AccountCreationPageTest" time="0">
    <skipped message="&#10;Parameter &apos;browser&apos; is required by BeforeMethod on method setUp but has not been marked @Optional or defined&#10;"/>
  </testcase>
  <testcase name="tearDown" classname="com.mynop.testcases.AccountCreationPageTest" time="0">
    <skipped/>
  </testcase>
  <testcase name="setUp" classname="com.mynop.testcases.AddToCartPageTest" time="1.731">
    <failure message="&#10;Parameter &apos;browser&apos; is required by BeforeMethod on method setUp but has not been marked @Optional or defined&#10;" type="org.testng.TestNGException">org.testng.TestNGException: 

Parameter 'browser' is required by BeforeMethod on method setUp but has not been marked @Optional or defined

</failure>
  </testcase>
  <testcase name="addToCartPageTest" classname="com.mynop.testcases.AddToCartPageTest" time="0">
    <skipped message="&#10;Parameter &apos;browser&apos; is required by BeforeMethod on method setUp but has not been marked @Optional or defined&#10;"/>
  </testcase>
  <testcase name="tearDown" classname="com.mynop.testcases.AddToCartPageTest" time="0">
    <skipped/>
  </testcase>
  <testcase name="setUp" classname="com.mynop.testcases.BillingAddressPageTest" time="1.733">
    <failure message="&#10;Parameter &apos;browser&apos; is required by BeforeMethod on method setUp but has not been marked @Optional or defined&#10;" type="org.testng.TestNGException">org.testng.TestNGException: 

Parameter 'browser' is required by BeforeMethod on method setUp but has not been marked @Optional or defined

</failure>
  </testcase>
  <testcase name="BillingAddressPageTest" classname="com.mynop.testcases.BillingAddressPageTest" time="0">
    <skipped message="&#10;Parameter &apos;browser&apos; is required by BeforeMethod on method setUp but has not been marked @Optional or defined&#10;"/>
  </testcase>
  <testcase name="tearDown" classname="com.mynop.testcases.BillingAddressPageTest" time="0">
    <skipped/>
  </testcase>
  <testcase name="setUp" classname="com.mynop.testcases.HomePageTest" time="1.736">
    <failure message="&#10;Parameter &apos;browser&apos; is required by BeforeMethod on method setUp but has not been marked @Optional or defined&#10;" type="org.testng.TestNGException">org.testng.TestNGException: 

Parameter 'browser' is required by BeforeMethod on method setUp but has not been marked @Optional or defined

</failure>
  </testcase>
  <testcase name="setUp" classname="com.mynop.testcases.HomePageTest" time="0">
    <skipped/>
  </testcase>
  <testcase name="searchProduct" classname="com.mynop.testcases.HomePageTest" time="0">
    <skipped message="&#10;Parameter &apos;browser&apos; is required by BeforeMethod on method setUp but has not been marked @Optional or defined&#10;"/>
  </testcase>
  <testcase name="tearDown" classname="com.mynop.testcases.HomePageTest" time="0">
    <skipped/>
  </testcase>
  <testcase name="tearDown" classname="com.mynop.testcases.HomePageTest" time="0">
    <skipped/>
  </testcase>
  <testcase name="verifyTitle" classname="com.mynop.testcases.HomePageTest" time="0">
    <skipped message="&#10;Parameter &apos;browser&apos; is required by BeforeMethod on method setUp but has not been marked @Optional or defined&#10;"/>
  </testcase>
  <testcase name="setUp" classname="com.mynop.testcases.IndexPageTest" time="1.746">
    <failure message="&#10;Parameter &apos;browser&apos; is required by BeforeMethod on method setUp but has not been marked @Optional or defined&#10;" type="org.testng.TestNGException">org.testng.TestNGException: 

Parameter 'browser' is required by BeforeMethod on method setUp but has not been marked @Optional or defined

</failure>
  </testcase>
  <testcase name="verifyMyNopLogo" classname="com.mynop.testcases.IndexPageTest" time="0">
    <skipped message="&#10;Parameter &apos;browser&apos; is required by BeforeMethod on method setUp but has not been marked @Optional or defined&#10;"/>
  </testcase>
  <testcase name="tearDown" classname="com.mynop.testcases.IndexPageTest" time="0">
    <skipped/>
  </testcase>
  <testcase name="loginTest" classname="com.mynop.testcases.LoginPageTest" time="0">
    <skipped message="org/apache/poi/ss/usermodel/Date1904Support"/>
    <system-err><![CDATA[[Utils] [ERROR] [Error] java.lang.ClassNotFoundException: org.apache.poi.ss.usermodel.Date1904Support
	at java.net.URLClassLoader.findClass(URLClassLoader.java:382)
	at java.lang.ClassLoader.loadClass(ClassLoader.java:424)
	at sun.misc.Launcher$AppClassLoader.loadClass(Launcher.java:349)
	at java.lang.ClassLoader.loadClass(ClassLoader.java:357)
	at java.lang.ClassLoader.defineClass1(Native Method)
	at java.lang.ClassLoader.defineClass(ClassLoader.java:763)
	at java.security.SecureClassLoader.defineClass(SecureClassLoader.java:142)
	at java.net.URLClassLoader.defineClass(URLClassLoader.java:468)
	at java.net.URLClassLoader.access$100(URLClassLoader.java:74)
	at java.net.URLClassLoader$1.run(URLClassLoader.java:369)
	at java.net.URLClassLoader$1.run(URLClassLoader.java:363)
	at java.security.AccessController.doPrivileged(Native Method)
	at java.net.URLClassLoader.findClass(URLClassLoader.java:362)
	at java.lang.ClassLoader.loadClass(ClassLoader.java:424)
	at sun.misc.Launcher$AppClassLoader.loadClass(Launcher.java:349)
	at java.lang.ClassLoader.loadClass(ClassLoader.java:357)
	at com.mynop.utility.NewExcelLibrary.&lt;init&gt;(NewExcelLibrary.java:38)
	at com.mynop.dataprovider.DataProviders.&lt;init&gt;(DataProviders.java:16)
	at sun.reflect.NativeConstructorAccessorImpl.newInstance0(Native Method)
	at sun.reflect.NativeConstructorAccessorImpl.newInstance(NativeConstructorAccessorImpl.java:62)
	at sun.reflect.DelegatingConstructorAccessorImpl.newInstance(DelegatingConstructorAccessorImpl.java:45)
	at java.lang.reflect.Constructor.newInstance(Constructor.java:423)
	at java.lang.Class.newInstance(Class.java:442)
	at org.testng.internal.ClassHelper.newInstance(ClassHelper.java:69)
	at org.testng.internal.Parameters.findDataProvider(Parameters.java:582)
	at org.testng.internal.Parameters.findDataProvider(Parameters.java:509)
	at org.testng.internal.Parameters.handleParameters(Parameters.java:691)
	at org.testng.internal.ParameterHandler.handleParameters(ParameterHandler.java:49)
	at org.testng.internal.ParameterHandler.createParameters(ParameterHandler.java:37)
	at org.testng.internal.Invoker.invokeTestMethods(Invoker.java:924)
	at org.testng.internal.TestMethodWorker.invokeTestMethods(TestMethodWorker.java:125)
	at org.testng.internal.TestMethodWorker.run(TestMethodWorker.java:109)
	at org.testng.TestRunner.privateRun(TestRunner.java:648)
	at org.testng.TestRunner.run(TestRunner.java:505)
	at org.testng.SuiteRunner.runTest(SuiteRunner.java:455)
	at org.testng.SuiteRunner.runSequentially(SuiteRunner.java:450)
	at org.testng.SuiteRunner.privateRun(SuiteRunner.java:415)
	at org.testng.SuiteRunner.run(SuiteRunner.java:364)
	at org.testng.SuiteRunnerWorker.runSuite(SuiteRunnerWorker.java:52)
	at org.testng.SuiteRunnerWorker.run(SuiteRunnerWorker.java:84)
	at org.testng.TestNG.runSuitesSequentially(TestNG.java:1208)
	at org.testng.TestNG.runSuitesLocally(TestNG.java:1137)
	at org.testng.TestNG.runSuites(TestNG.java:1049)
	at org.testng.TestNG.run(TestNG.java:1017)
	at org.apache.maven.surefire.testng.TestNGExecutor.run(TestNGExecutor.java:135)
	at org.apache.maven.surefire.testng.TestNGDirectoryTestSuite.executeMulti(TestNGDirectoryTestSuite.java:193)
	at org.apache.maven.surefire.testng.TestNGDirectoryTestSuite.execute(TestNGDirectoryTestSuite.java:94)
	at org.apache.maven.surefire.testng.TestNGProvider.invoke(TestNGProvider.java:146)
	at org.apache.maven.surefire.booter.ForkedBooter.invokeProviderInSameClassLoader(ForkedBooter.java:384)
	at org.apache.maven.surefire.booter.ForkedBooter.runSuitesInProcess(ForkedBooter.java:345)
	at org.apache.maven.surefire.booter.ForkedBooter.execute(ForkedBooter.java:126)
	at org.apache.maven.surefire.booter.ForkedBooter.main(ForkedBooter.java:418)

]]></system-err>
  </testcase>
  <testcase name="setUp" classname="com.mynop.testcases.SearchReasultPageTest" time="1.963">
    <failure message="&#10;Parameter &apos;browser&apos; is required by BeforeMethod on method setUp but has not been marked @Optional or defined&#10;" type="org.testng.TestNGException">org.testng.TestNGException: 

Parameter 'browser' is required by BeforeMethod on method setUp but has not been marked @Optional or defined

</failure>
  </testcase>
  <testcase name="SearchReasultPageTest" classname="com.mynop.testcases.SearchReasultPageTest" time="0">
    <skipped message="&#10;Parameter &apos;browser&apos; is required by BeforeMethod on method setUp but has not been marked @Optional or defined&#10;"/>
  </testcase>
  <testcase name="tearDown" classname="com.mynop.testcases.SearchReasultPageTest" time="0">
    <skipped/>
  </testcase>
  <testcase name="setUp" classname="com.mynop.testcases.ShoppingCartPageTest" time="1.964">
    <failure message="&#10;Parameter &apos;browser&apos; is required by BeforeMethod on method setUp but has not been marked @Optional or defined&#10;" type="org.testng.TestNGException">org.testng.TestNGException: 

Parameter 'browser' is required by BeforeMethod on method setUp but has not been marked @Optional or defined

</failure>
  </testcase>
  <testcase name="ShoppingCartPageTest" classname="com.mynop.testcases.ShoppingCartPageTest" time="0">
    <skipped message="&#10;Parameter &apos;browser&apos; is required by BeforeMethod on method setUp but has not been marked @Optional or defined&#10;"/>
  </testcase>
  <testcase name="tearDown" classname="com.mynop.testcases.ShoppingCartPageTest" time="0">
    <skipped/>
  </testcase>
  <testcase name="afterSuite" classname="com.mynop.testcases.AccountCreationPageTest" time="0">
    <skipped/>
  </testcase>
</testsuite>